[debug] [2023-10-09T23:33:42.646Z] ----------------------------------------------------------------------
[debug] [2023-10-09T23:33:42.647Z] Command:       /usr/local/bin/firebase /Users/augustcolonna/.cache/firebase/tools/lib/node_modules/firebase-tools/lib/bin/firebase deploy --only firestore
[debug] [2023-10-09T23:33:42.648Z] CLI Version:   12.4.5
[debug] [2023-10-09T23:33:42.649Z] Platform:      darwin
[debug] [2023-10-09T23:33:42.649Z] Node Version:  v16.16.0
[debug] [2023-10-09T23:33:42.653Z] Time:          Mon Oct 09 2023 19:33:42 GMT-0400 (Eastern Daylight Time)
[debug] [2023-10-09T23:33:42.653Z] ----------------------------------------------------------------------
[debug] 
[debug] [2023-10-09T23:33:42.760Z] > command requires scopes: ["email","openid","https://www.googleapis.com/auth/cloudplatformprojects.readonly","https://www.googleapis.com/auth/firebase","https://www.googleapis.com/auth/cloud-platform"]
[debug] [2023-10-09T23:33:42.761Z] > authorizing via signed-in user (august.colonna@gmail.com)
[debug] [2023-10-09T23:33:42.762Z] [iam] checking project hi5boxapp for permissions ["datastore.indexes.create","datastore.indexes.delete","datastore.indexes.list","datastore.indexes.update","firebase.projects.get"]
[debug] [2023-10-09T23:33:42.764Z] > refreshing access token with scopes: []
[debug] [2023-10-09T23:33:42.765Z] >>> [apiv2][query] POST https://www.googleapis.com/oauth2/v3/token [none]
[debug] [2023-10-09T23:33:42.766Z] >>> [apiv2][body] POST https://www.googleapis.com/oauth2/v3/token [omitted]
[debug] [2023-10-09T23:33:47.588Z] <<< [apiv2][status] POST https://www.googleapis.com/oauth2/v3/token 200
[debug] [2023-10-09T23:33:47.592Z] <<< [apiv2][body] POST https://www.googleapis.com/oauth2/v3/token [omitted]
[debug] [2023-10-09T23:33:47.613Z] >>> [apiv2][query] POST https://cloudresourcemanager.googleapis.com/v1/projects/hi5boxapp:testIamPermissions [none]
[debug] [2023-10-09T23:33:47.614Z] >>> [apiv2][(partial)header] POST https://cloudresourcemanager.googleapis.com/v1/projects/hi5boxapp:testIamPermissions x-goog-quota-user=projects/hi5boxapp
[debug] [2023-10-09T23:33:47.614Z] >>> [apiv2][body] POST https://cloudresourcemanager.googleapis.com/v1/projects/hi5boxapp:testIamPermissions {"permissions":["datastore.indexes.create","datastore.indexes.delete","datastore.indexes.list","datastore.indexes.update","firebase.projects.get"]}
[debug] [2023-10-09T23:33:53.109Z] <<< [apiv2][status] POST https://cloudresourcemanager.googleapis.com/v1/projects/hi5boxapp:testIamPermissions 200
[debug] [2023-10-09T23:33:53.114Z] <<< [apiv2][body] POST https://cloudresourcemanager.googleapis.com/v1/projects/hi5boxapp:testIamPermissions {"permissions":["datastore.indexes.create","datastore.indexes.delete","datastore.indexes.list","datastore.indexes.update","firebase.projects.get"]}
[info] 
[info] === Deploying to 'hi5boxapp'...
[info] 
[info] i  deploying firestore 
[info] i  firestore: reading indexes from firestore.indexes.json... 
[info] i  cloud.firestore: checking firestore.rules for compilation errors... 
[debug] [2023-10-09T23:33:53.131Z] >>> [apiv2][query] POST https://firebaserules.googleapis.com/v1/projects/hi5boxapp:test [none]
[debug] [2023-10-09T23:33:53.131Z] >>> [apiv2][body] POST https://firebaserules.googleapis.com/v1/projects/hi5boxapp:test [omitted]
[debug] [2023-10-09T23:34:02.532Z] <<< [apiv2][status] POST https://firebaserules.googleapis.com/v1/projects/hi5boxapp:test 200
[debug] [2023-10-09T23:34:02.536Z] <<< [apiv2][body] POST https://firebaserules.googleapis.com/v1/projects/hi5boxapp:test {}
[info] ✔  cloud.firestore: rules file firestore.rules compiled successfully 
[info] i  firestore: deploying indexes... 
[debug] [2023-10-09T23:34:02.547Z] >>> [apiv2][query] GET https://firebaserules.googleapis.com/v1/projects/hi5boxapp/releases pageSize=10&pageToken=
[debug] [2023-10-09T23:34:02.560Z] >>> [apiv2][query] GET https://firestore.googleapis.com/v1/projects/hi5boxapp/databases/(default)/collectionGroups/-/indexes [none]
[debug] [2023-10-09T23:34:08.518Z] <<< [apiv2][status] GET https://firebaserules.googleapis.com/v1/projects/hi5boxapp/releases 200
[debug] [2023-10-09T23:34:08.524Z] <<< [apiv2][body] GET https://firebaserules.googleapis.com/v1/projects/hi5boxapp/releases {"releases":[{"name":"projects/hi5boxapp/releases/cloud.firestore","rulesetName":"projects/hi5boxapp/rulesets/ad18692b-0464-46c6-9ac2-6478103a7027","createTime":"2023-08-06T13:31:07.771892Z","updateTime":"2023-08-30T09:15:54.587882Z"},{"name":"projects/hi5boxapp/releases/firebase.storage/hi5boxapp.appspot.com","rulesetName":"projects/hi5boxapp/rulesets/14ecb29f-1471-4e28-b370-b9677a5d506e","createTime":"2023-08-30T13:09:36.135946Z","updateTime":"2023-08-30T13:10:23.686156Z"}]}
[debug] [2023-10-09T23:34:08.531Z] >>> [apiv2][query] GET https://firebaserules.googleapis.com/v1/projects/hi5boxapp/rulesets/ad18692b-0464-46c6-9ac2-6478103a7027 [none]
[debug] [2023-10-09T23:34:18.045Z] <<< [apiv2][status] GET https://firestore.googleapis.com/v1/projects/hi5boxapp/databases/(default)/collectionGroups/-/indexes 200
[debug] [2023-10-09T23:34:18.047Z] <<< [apiv2][body] GET https://firestore.googleapis.com/v1/projects/hi5boxapp/databases/(default)/collectionGroups/-/indexes {}
[debug] [2023-10-09T23:34:18.049Z] >>> [apiv2][query] GET https://firestore.googleapis.com/v1/projects/hi5boxapp/databases/(default)/collectionGroups/-/fields?filter=indexConfig.usesAncestorConfig=false OR ttlConfig:* [none]
[debug] [2023-10-09T23:34:18.059Z] <<< [apiv2][status] GET https://firebaserules.googleapis.com/v1/projects/hi5boxapp/rulesets/ad18692b-0464-46c6-9ac2-6478103a7027 200
[debug] [2023-10-09T23:34:18.059Z] <<< [apiv2][body] GET https://firebaserules.googleapis.com/v1/projects/hi5boxapp/rulesets/ad18692b-0464-46c6-9ac2-6478103a7027 [omitted]
[info] i  firestore: uploading rules firestore.rules... 
[debug] [2023-10-09T23:34:18.062Z] >>> [apiv2][query] POST https://firebaserules.googleapis.com/v1/projects/hi5boxapp/rulesets [none]
[debug] [2023-10-09T23:34:18.062Z] >>> [apiv2][body] POST https://firebaserules.googleapis.com/v1/projects/hi5boxapp/rulesets [omitted]
[debug] [2023-10-09T23:34:24.925Z] <<< [apiv2][status] POST https://firebaserules.googleapis.com/v1/projects/hi5boxapp/rulesets 200
[debug] [2023-10-09T23:34:24.926Z] <<< [apiv2][body] POST https://firebaserules.googleapis.com/v1/projects/hi5boxapp/rulesets {"name":"projects/hi5boxapp/rulesets/839ecd63-7bce-49d6-8de1-8c98d00e76d5","source":{"files":[{"content":"rules_version = '2';\n\nservice cloud.firestore {\n  match /databases/{database}/documents {\n    match /{document=**} {\n      allow create: if request.auth !=null;\n      allow read, delete: if request.auth.uid == resource.data.uid;\n      \n    }\n  }\n}","name":"firestore.rules"}]},"createTime":"2023-10-09T23:34:24.980815Z","metadata":{"services":["cloud.firestore"]}}
[debug] [2023-10-09T23:34:24.926Z] [rules] created ruleset projects/hi5boxapp/rulesets/839ecd63-7bce-49d6-8de1-8c98d00e76d5
[debug] [2023-10-09T23:34:24.926Z] <<< [apiv2][status] GET https://firestore.googleapis.com/v1/projects/hi5boxapp/databases/(default)/collectionGroups/-/fields?filter=indexConfig.usesAncestorConfig=false OR ttlConfig:* 200
[debug] [2023-10-09T23:34:24.926Z] <<< [apiv2][body] GET https://firestore.googleapis.com/v1/projects/hi5boxapp/databases/(default)/collectionGroups/-/fields?filter=indexConfig.usesAncestorConfig=false OR ttlConfig:* {"fields":[{"name":"projects/hi5boxapp/databases/(default)/collectionGroups/__default__/fields/*","indexConfig":{"indexes":[{"queryScope":"COLLECTION","fields":[{"fieldPath":"*","order":"ASCENDING"}],"state":"READY"},{"queryScope":"COLLECTION","fields":[{"fieldPath":"*","order":"DESCENDING"}],"state":"READY"},{"queryScope":"COLLECTION","fields":[{"fieldPath":"*","arrayConfig":"CONTAINS"}],"state":"READY"}]}}]}
[info] ✔  firestore: deployed indexes in firestore.indexes.json successfully for (default) database 
[debug] [2023-10-09T23:34:24.928Z] [rules] releasing cloud.firestore/(default) with ruleset projects/hi5boxapp/rulesets/839ecd63-7bce-49d6-8de1-8c98d00e76d5
[debug] [2023-10-09T23:34:24.928Z] >>> [apiv2][query] PATCH https://firebaserules.googleapis.com/v1/projects/hi5boxapp/releases/cloud.firestore/(default) [none]
[debug] [2023-10-09T23:34:24.928Z] >>> [apiv2][body] PATCH https://firebaserules.googleapis.com/v1/projects/hi5boxapp/releases/cloud.firestore/(default) {"release":{"name":"projects/hi5boxapp/releases/cloud.firestore/(default)","rulesetName":"projects/hi5boxapp/rulesets/839ecd63-7bce-49d6-8de1-8c98d00e76d5"}}
[debug] [2023-10-09T23:34:28.876Z] <<< [apiv2][status] PATCH https://firebaserules.googleapis.com/v1/projects/hi5boxapp/releases/cloud.firestore/(default) 200
[debug] [2023-10-09T23:34:28.876Z] <<< [apiv2][body] PATCH https://firebaserules.googleapis.com/v1/projects/hi5boxapp/releases/cloud.firestore/(default) {"name":"projects/hi5boxapp/releases/cloud.firestore","rulesetName":"projects/hi5boxapp/rulesets/839ecd63-7bce-49d6-8de1-8c98d00e76d5","createTime":"2023-08-06T13:31:07.771892Z","updateTime":"2023-10-09T23:34:29.287365Z"}
[debug] [2023-10-09T23:34:28.876Z] [rules] updated release projects/hi5boxapp/releases/cloud.firestore
[info] ✔  firestore: released rules firestore.rules to cloud.firestore 
[info] 
[info] ✔  Deploy complete! 
[info] 
[info] Project Console: https://console.firebase.google.com/project/hi5boxapp/overview
[debug] [2023-10-09T23:34:50.771Z] Error: Timed out.
    at Timeout.<anonymous> (/Users/augustcolonna/.cache/firebase/tools/lib/node_modules/firebase-tools/lib/utils.js:254:49)
    at listOnTimeout (node:internal/timers:559:17)
    at processTimers (node:internal/timers:502:7)
[error] 
[error] Error: An unexpected error has occurred.
